2020-09-29 15:54:12,797 ERROR invalid_token
2020-09-29 23:03:40,360 ERROR invalid_token
2020-09-30 10:26:14,975 ERROR invalid_token
2020-09-30 14:07:11,116 ERROR <html>
<head><title>504 Gateway Time-out</title></head>
<body bgcolor="white">
<center><h1>504 Gateway Time-out</h1></center>
<hr><center>nginx/1.14.2</center>
</body>
</html>

2020-09-30 14:09:03,780 ERROR <html>
<head><title>504 Gateway Time-out</title></head>
<body bgcolor="white">
<center><h1>504 Gateway Time-out</h1></center>
<hr><center>nginx/1.14.2</center>
</body>
</html>

2020-09-30 14:13:37,161 ERROR <html>
<head><title>504 Gateway Time-out</title></head>
<body bgcolor="white">
<center><h1>504 Gateway Time-out</h1></center>
<hr><center>nginx/1.14.2</center>
</body>
</html>

2020-09-30 14:22:30,261 ERROR <html>
<head><title>504 Gateway Time-out</title></head>
<body bgcolor="white">
<center><h1>504 Gateway Time-out</h1></center>
<hr><center>nginx/1.14.2</center>
</body>
</html>

